<?xml version="1.0" encoding="UTF-8"?>
<testsuite xmlns:xsi="http://www.w3.org/2001/XMLSchema-instance" xsi:noNamespaceSchemaLocation="https://maven.apache.org/surefire/maven-surefire-plugin/xsd/surefire-test-report.xsd" version="3.0.1" name="TestRunner.TestRunner" time="15.448" tests="4" errors="0" skipped="0" failures="0">
  <properties>
[...]
</properties>
  <testcase name="runScenario[&quot;Test Menu Item&quot;, &quot;This is background demo&quot;](1)" classname="TestRunner.TestRunner" time="0.249">
    <system-out><![CDATA[
Scenario: Test Menu Item                             # src/test/resources/Features/background.feature:10
  Given User access the demo login page              # StepDefinitions.backgrounddemo.user_access_the_demo_login_page()
  When User enters valid user and pass               # StepDefinitions.backgrounddemo.user_enters_valid_user_and_pass()
  Then User should be able to navigate the Home Page # StepDefinitions.backgrounddemo.user_should_be_able_to_navigate_the_home_page()
  And clicks on bredcrumb                            # StepDefinitions.backgrounddemo.clicks_on_bredcrumb()
  Then User should be able to see the menu item      # StepDefinitions.backgrounddemo.user_should_be_able_to_see_the_menu_item()
]]></system-out>
    <system-err><![CDATA[SLF4J: Failed to load class "org.slf4j.impl.StaticLoggerBinder".
SLF4J: Defaulting to no-operation (NOP) logger implementation
SLF4J: See http://www.slf4j.org/codes.html#StaticLoggerBinder for further details.
]]></system-err>
  </testcase>
  <testcase name="runScenario[&quot;Test Verify add to cart functionality&quot;, &quot;This is background demo&quot;](2)" classname="TestRunner.TestRunner" time="0.044">
    <system-out><![CDATA[
Scenario: Test Verify add to cart functionality      # src/test/resources/Features/background.feature:15
  Given User access the demo login page              # StepDefinitions.backgrounddemo.user_access_the_demo_login_page()
  When User enters valid user and pass               # StepDefinitions.backgrounddemo.user_enters_valid_user_and_pass()
  Then User should be able to navigate the Home Page # StepDefinitions.backgrounddemo.user_should_be_able_to_navigate_the_home_page()
  And Clicks on add to button                        # StepDefinitions.backgrounddemo.clicks_on_add_to_button()
  Then Item should be added into cart                # StepDefinitions.backgrounddemo.item_should_be_added_into_cart()
]]></system-out>
  </testcase>
  <testcase name="runScenario[&quot;: Check login is successful with valid cred&quot;, &quot;Login page Automation of Demo Application&quot;](3)" classname="TestRunner.TestRunner" time="8.463">
    <system-out><![CDATA[
Scenario Outline: : Check login is successful with valid cred # src/test/resources/Features/login.feature:12
  Given User is on Login Page                                 # StepDefinitions.LoginSteps.user_is_on_login_page()
  When User enters valid "standard_user" and "secret_sauce"   # StepDefinitions.LoginSteps.user_enters_valid_and(java.lang.String,java.lang.String)
  And clicks on Login Button                                  # StepDefinitions.LoginSteps.clicks_on_login_button()
  Then User is navigated to Home Page                         # StepDefinitions.LoginSteps.user_is_navigated_to_home_page()
  And Close the browser                                       # StepDefinitions.LoginSteps.close_the_browser()
]]></system-out>
    <system-err><![CDATA[Jan 17, 2026 3:39:32 PM org.openqa.selenium.devtools.CdpVersionFinder findNearestMatch
WARNING: Unable to find CDP implementation matching 143
Jan 17, 2026 3:39:33 PM org.openqa.selenium.chromium.ChromiumDriver lambda$new$5
WARNING: Unable to find version of CDP to use for 143.0.7499.170. You may need to include a dependency on a specific version of the CDP using something similar to `org.seleniumhq.selenium:selenium-devtools-v86:4.17.0` where the version ("v86") matches the version of the chromium-based browser you're using and the version number of the artifact is the same as Selenium's.
]]></system-err>
  </testcase>
  <testcase name="runScenario[&quot;: Check login is successful with valid cred&quot;, &quot;Login page Automation of Demo Application&quot;](4)" classname="TestRunner.TestRunner" time="4.211">
    <system-out><![CDATA[
Scenario Outline: : Check login is successful with valid cred # src/test/resources/Features/login.feature:13
  Given User is on Login Page                                 # StepDefinitions.LoginSteps.user_is_on_login_page()
  When User enters valid "visual_user" and "secret_sauce"     # StepDefinitions.LoginSteps.user_enters_valid_and(java.lang.String,java.lang.String)
  And clicks on Login Button                                  # StepDefinitions.LoginSteps.clicks_on_login_button()
  Then User is navigated to Home Page                         # StepDefinitions.LoginSteps.user_is_navigated_to_home_page()
  And Close the browser                                       # StepDefinitions.LoginSteps.close_the_browser()
]]></system-out>
    <system-err><![CDATA[Jan 17, 2026 3:39:36 PM org.openqa.selenium.devtools.CdpVersionFinder findNearestMatch
WARNING: Unable to find CDP implementation matching 143
Jan 17, 2026 3:39:36 PM org.openqa.selenium.chromium.ChromiumDriver lambda$new$5
WARNING: Unable to find version of CDP to use for 143.0.7499.170. You may need to include a dependency on a specific version of the CDP using something similar to `org.seleniumhq.selenium:selenium-devtools-v86:4.17.0` where the version ("v86") matches the version of the chromium-based browser you're using and the version number of the artifact is the same as Selenium's.
]]></system-err>
  </testcase>
</testsuite>