<?xml version="1.0" encoding="UTF-8"?>
<testng-results ignored="0" total="4" passed="4" failed="0" skipped="0">
  <reporter-output>
  </reporter-output>
  <suite started-at="2026-01-17T15:39:24 IST" name="Surefire suite" finished-at="2026-01-17T15:39:39 IST" duration-ms="14248">
    <groups>
      <group name="cucumber">
        <method signature="AbstractTestNGCucumberTests.runScenario(io.cucumber.testng.PickleWrapper,io.cucumber.testng.FeatureWrapper)[pri:0, instance:TestRunner.TestRunner@3c153a1]" name="runScenario" class="io.cucumber.testng.AbstractTestNGCucumberTests"/>
      </group> <!-- cucumber -->
    </groups>
    <test started-at="2026-01-17T15:39:24 IST" name="Surefire test" finished-at="2026-01-17T15:39:39 IST" duration-ms="14248">
      <class name="TestRunner.TestRunner">
        <test-method is-config="true" signature="setUpClass(org.testng.ITestContext)[pri:0, instance:TestRunner.TestRunner@3c153a1]" started-at="2026-01-17T15:39:24 IST" name="setUpClass" finished-at="2026-01-17T15:39:25 IST" duration-ms="1119" status="PASS">
          <params>
            <param index="0">
              <value>
                <![CDATA[org.testng.TestRunner@59532566]]>
              </value>
            </param>
          </params>
          <reporter-output>
          </reporter-output>
        </test-method> <!-- setUpClass -->
        <test-method signature="runScenario(io.cucumber.testng.PickleWrapper,io.cucumber.testng.FeatureWrapper)[pri:0, instance:TestRunner.TestRunner@3c153a1]" started-at="2026-01-17T15:39:25 IST" name="runScenario" description="Runs Cucumber Scenarios" data-provider="scenarios" finished-at="2026-01-17T15:39:26 IST" duration-ms="244" status="PASS">
          <params>
            <param index="0">
              <value>
                <![CDATA["Test Menu Item"]]>
              </value>
            </param>
            <param index="1">
              <value>
                <![CDATA["This is background demo"]]>
              </value>
            </param>
          </params>
          <reporter-output>
          </reporter-output>
        </test-method> <!-- runScenario -->
        <test-method signature="runScenario(io.cucumber.testng.PickleWrapper,io.cucumber.testng.FeatureWrapper)[pri:0, instance:TestRunner.TestRunner@3c153a1]" started-at="2026-01-17T15:39:26 IST" name="runScenario" description="Runs Cucumber Scenarios" data-provider="scenarios" finished-at="2026-01-17T15:39:26 IST" duration-ms="56" status="PASS">
          <params>
            <param index="0">
              <value>
                <![CDATA["Test Verify add to cart functionality"]]>
              </value>
            </param>
            <param index="1">
              <value>
                <![CDATA["This is background demo"]]>
              </value>
            </param>
          </params>
          <reporter-output>
          </reporter-output>
        </test-method> <!-- runScenario -->
        <test-method signature="runScenario(io.cucumber.testng.PickleWrapper,io.cucumber.testng.FeatureWrapper)[pri:0, instance:TestRunner.TestRunner@3c153a1]" started-at="2026-01-17T15:39:26 IST" name="runScenario" description="Runs Cucumber Scenarios" data-provider="scenarios" finished-at="2026-01-17T15:39:34 IST" duration-ms="8473" status="PASS">
          <params>
            <param index="0">
              <value>
                <![CDATA[": Check login is successful with valid cred"]]>
              </value>
            </param>
            <param index="1">
              <value>
                <![CDATA["Login page Automation of Demo Application"]]>
              </value>
            </param>
          </params>
          <reporter-output>
          </reporter-output>
        </test-method> <!-- runScenario -->
        <test-method signature="runScenario(io.cucumber.testng.PickleWrapper,io.cucumber.testng.FeatureWrapper)[pri:0, instance:TestRunner.TestRunner@3c153a1]" started-at="2026-01-17T15:39:34 IST" name="runScenario" description="Runs Cucumber Scenarios" data-provider="scenarios" finished-at="2026-01-17T15:39:38 IST" duration-ms="4209" status="PASS">
          <params>
            <param index="0">
              <value>
                <![CDATA[": Check login is successful with valid cred"]]>
              </value>
            </param>
            <param index="1">
              <value>
                <![CDATA["Login page Automation of Demo Application"]]>
              </value>
            </param>
          </params>
          <reporter-output>
          </reporter-output>
        </test-method> <!-- runScenario -->
        <test-method is-config="true" signature="tearDownClass()[pri:0, instance:TestRunner.TestRunner@3c153a1]" started-at="2026-01-17T15:39:38 IST" name="tearDownClass" finished-at="2026-01-17T15:39:38 IST" duration-ms="57" status="PASS">
          <reporter-output>
          </reporter-output>
        </test-method> <!-- tearDownClass -->
      </class> <!-- TestRunner.TestRunner -->
    </test> <!-- Surefire test -->
  </suite> <!-- Surefire suite -->
</testng-results>
