<?xml version="1.0" encoding="UTF-8"?>
<testng-results ignored="0" total="4" passed="4" failed="0" skipped="0">
  <reporter-output>
  </reporter-output>
  <suite started-at="2026-01-17T14:04:17 IST" name="Default suite" finished-at="2026-01-17T14:04:25 IST" duration-ms="7608">
    <groups>
      <group name="cucumber">
        <method signature="AbstractTestNGCucumberTests.runScenario(io.cucumber.testng.PickleWrapper,io.cucumber.testng.FeatureWrapper)[pri:0, instance:TestRunner.TestRunner@6ae5aa72]" name="runScenario" class="io.cucumber.testng.AbstractTestNGCucumberTests"/>
      </group> <!-- cucumber -->
    </groups>
    <test started-at="2026-01-17T14:04:17 IST" name="Default test" finished-at="2026-01-17T14:04:25 IST" duration-ms="7608">
      <class name="TestRunner.TestRunner">
        <test-method is-config="true" signature="setUpClass(org.testng.ITestContext)[pri:0, instance:TestRunner.TestRunner@6ae5aa72]" started-at="2026-01-17T14:04:17 IST" name="setUpClass" finished-at="2026-01-17T14:04:18 IST" duration-ms="840" status="PASS">
          <params>
            <param index="0">
              <value>
                <![CDATA[org.testng.TestRunner@6a0cbc6f]]>
              </value>
            </param>
          </params>
          <reporter-output>
          </reporter-output>
        </test-method> <!-- setUpClass -->
        <test-method signature="runScenario(io.cucumber.testng.PickleWrapper,io.cucumber.testng.FeatureWrapper)[pri:0, instance:TestRunner.TestRunner@6ae5aa72]" started-at="2026-01-17T14:04:18 IST" name="runScenario" description="Runs Cucumber Scenarios" data-provider="scenarios" finished-at="2026-01-17T14:04:18 IST" duration-ms="139" status="PASS">
          <params>
            <param index="0">
              <value>
                <![CDATA["Test Menu Item"]]>
              </value>
            </param>
            <param index="1">
              <value>
                <![CDATA["This is background demo"]]>
              </value>
            </param>
          </params>
          <reporter-output>
          </reporter-output>
        </test-method> <!-- runScenario -->
        <test-method signature="runScenario(io.cucumber.testng.PickleWrapper,io.cucumber.testng.FeatureWrapper)[pri:0, instance:TestRunner.TestRunner@6ae5aa72]" started-at="2026-01-17T14:04:19 IST" name="runScenario" description="Runs Cucumber Scenarios" data-provider="scenarios" finished-at="2026-01-17T14:04:19 IST" duration-ms="31" status="PASS">
          <params>
            <param index="0">
              <value>
                <![CDATA["Test Verify add to cart functionality"]]>
              </value>
            </param>
            <param index="1">
              <value>
                <![CDATA["This is background demo"]]>
              </value>
            </param>
          </params>
          <reporter-output>
          </reporter-output>
        </test-method> <!-- runScenario -->
        <test-method signature="runScenario(io.cucumber.testng.PickleWrapper,io.cucumber.testng.FeatureWrapper)[pri:0, instance:TestRunner.TestRunner@6ae5aa72]" started-at="2026-01-17T14:04:19 IST" name="runScenario" description="Runs Cucumber Scenarios" data-provider="scenarios" finished-at="2026-01-17T14:04:22 IST" duration-ms="3719" status="PASS">
          <params>
            <param index="0">
              <value>
                <![CDATA[": Check login is successful with valid cred"]]>
              </value>
            </param>
            <param index="1">
              <value>
                <![CDATA["Login page Automation of Demo Application"]]>
              </value>
            </param>
          </params>
          <reporter-output>
          </reporter-output>
        </test-method> <!-- runScenario -->
        <test-method signature="runScenario(io.cucumber.testng.PickleWrapper,io.cucumber.testng.FeatureWrapper)[pri:0, instance:TestRunner.TestRunner@6ae5aa72]" started-at="2026-01-17T14:04:22 IST" name="runScenario" description="Runs Cucumber Scenarios" data-provider="scenarios" finished-at="2026-01-17T14:04:25 IST" duration-ms="2757" status="PASS">
          <params>
            <param index="0">
              <value>
                <![CDATA[": Check login is successful with valid cred"]]>
              </value>
            </param>
            <param index="1">
              <value>
                <![CDATA["Login page Automation of Demo Application"]]>
              </value>
            </param>
          </params>
          <reporter-output>
          </reporter-output>
        </test-method> <!-- runScenario -->
        <test-method is-config="true" signature="tearDownClass()[pri:0, instance:TestRunner.TestRunner@6ae5aa72]" started-at="2026-01-17T14:04:25 IST" name="tearDownClass" finished-at="2026-01-17T14:04:25 IST" duration-ms="29" status="PASS">
          <reporter-output>
          </reporter-output>
        </test-method> <!-- tearDownClass -->
      </class> <!-- TestRunner.TestRunner -->
    </test> <!-- Default test -->
  </suite> <!-- Default suite -->
</testng-results>
