<?xml version="1.0" encoding="UTF-8"?>
<!-- Generated by org.testng.reporters.JUnitReportReporter -->
<testsuite hostname="DESKTOP-37DTKOR" failures="0" tests="4" name="TestRunner.TestRunner" time="6.646" errors="0" timestamp="2026-01-17T14:04:25 IST" skipped="0">
  <testcase classname="TestRunner.TestRunner" name="runScenario" time="0.139"/>
  <testcase classname="TestRunner.TestRunner" name="runScenario" time="3.719"/>
  <testcase classname="TestRunner.TestRunner" name="runScenario" time="2.757"/>
  <testcase classname="TestRunner.TestRunner" name="runScenario" time="0.031"/>
</testsuite> <!-- TestRunner.TestRunner -->
