<?xml version="1.0" encoding="UTF-8"?>
<!-- Generated by org.testng.reporters.JUnitReportReporter -->
<testsuite hostname="DESKTOP-37DTKOR" failures="0" tests="4" name="TestRunner.TestRunner" time="12.982" errors="0" timestamp="2026-01-17T15:39:39 IST" skipped="0">
  <testcase classname="TestRunner.TestRunner" name="runScenario" time="0.056"/>
  <testcase classname="TestRunner.TestRunner" name="runScenario" time="8.473"/>
  <testcase classname="TestRunner.TestRunner" name="runScenario" time="4.209"/>
  <testcase classname="TestRunner.TestRunner" name="runScenario" time="0.244"/>
</testsuite> <!-- TestRunner.TestRunner -->
