<?xml version="1.0" encoding="UTF-8"?>
<!-- Generated by org.testng.reporters.JUnitReportReporter -->
<testsuite hostname="DESKTOP-37DTKOR" failures="0" tests="4" name="TestRunner.TestRunner" time="13.334" errors="0" timestamp="2026-01-17T20:53:38 IST" skipped="0">
  <testcase classname="TestRunner.TestRunner" name="runScenario" time="0.088"/>
  <testcase classname="TestRunner.TestRunner" name="runScenario" time="0.015"/>
  <testcase classname="TestRunner.TestRunner" name="runScenario" time="1.919"/>
  <testcase classname="TestRunner.TestRunner" name="runScenario" time="11.312"/>
</testsuite> <!-- TestRunner.TestRunner -->
